<?xml version="1.0" encoding="UTF-8"?>
<!-- Generated by org.testng.reporters.JUnitXMLReporter -->
<testsuite ignored="0" hostname="LTILHYD24001384" failures="0" tests="4" name="Default test" time="62.488" errors="0" timestamp="2022-06-29T18:35:01 IST">
  <testcase classname="test.functional.sanity.ExtentReportsClass" name="Smoke01" time="16.535"/>
  <testcase classname="test.functional.sanity.ExtentReportsClass" name="Smoke02" time="10.137"/>
  <testcase classname="test.functional.sanity.ExtentReportsClass" name="Smoke03" time="24.344"/>
  <testcase classname="test.functional.sanity.ExtentReportsClass" name="Smoke04" time="5.15"/>
</testsuite> <!-- Default test -->
