<?xml version="1.0" encoding="UTF-8"?>
<!-- Generated by org.testng.reporters.JUnitXMLReporter -->
<testsuite ignored="0" hostname="LTILHYD24001384" failures="0" tests="4" name="Default test" time="41.14" errors="0" timestamp="2022-06-28T19:18:56 IST">
  <testcase classname="test.functional.sanity.ExtentReportsClass" name="Smoke01" time="11.872"/>
  <testcase classname="test.functional.sanity.ExtentReportsClass" name="Smoke02" time="3.991"/>
  <testcase classname="test.functional.sanity.ExtentReportsClass" name="Smoke03" time="14.909"/>
  <testcase classname="test.functional.sanity.ExtentReportsClass" name="Smoke04" time="3.959"/>
</testsuite> <!-- Default test -->
