<?xml version="1.0" encoding="UTF-8"?>
<testng-results ignored="0" total="4" passed="4" failed="0" skipped="0">
  <reporter-output>
  </reporter-output>
  <suite started-at="2022-06-29T18:33:59 IST" name="Default suite" finished-at="2022-06-29T18:35:01 IST" duration-ms="62488">
    <groups>
    </groups>
    <test started-at="2022-06-29T18:33:59 IST" name="Default test" finished-at="2022-06-29T18:35:01 IST" duration-ms="62488">
      <class name="test.functional.sanity.ExtentReportsClass">
        <test-method is-config="true" signature="startReport()[pri:0, instance:test.functional.sanity.ExtentReportsClass@3315d2d7]" started-at="2022-06-29T18:33:59 IST" name="startReport" finished-at="2022-06-29T18:33:59 IST" duration-ms="120" status="PASS">
          <reporter-output>
          </reporter-output>
        </test-method> <!-- startReport -->
        <test-method is-config="true" signature="beforeClass()[pri:0, instance:test.functional.sanity.ExtentReportsClass@3315d2d7]" started-at="2022-06-29T18:33:59 IST" name="beforeClass" finished-at="2022-06-29T18:33:59 IST" duration-ms="0" status="PASS">
          <reporter-output>
          </reporter-output>
        </test-method> <!-- beforeClass -->
        <test-method signature="Smoke01()[pri:0, instance:test.functional.sanity.ExtentReportsClass@3315d2d7]" started-at="2022-06-29T18:33:59 IST" name="Smoke01" finished-at="2022-06-29T18:34:16 IST" duration-ms="16535" status="PASS">
          <reporter-output>
          </reporter-output>
        </test-method> <!-- Smoke01 -->
        <test-method is-config="true" signature="getResult(org.testng.ITestResult)[pri:0, instance:test.functional.sanity.ExtentReportsClass@3315d2d7]" started-at="2022-06-29T18:34:16 IST" name="getResult" finished-at="2022-06-29T18:34:16 IST" duration-ms="435" status="PASS">
          <params>
            <param index="0">
              <value>
                <![CDATA[[TestResult name=Smoke01 status=SUCCESS method=ExtentReportsClass.Smoke01()[pri:0, instance:test.functional.sanity.ExtentReportsClass@3315d2d7] output={null}]]]>
              </value>
            </param>
          </params>
          <reporter-output>
          </reporter-output>
        </test-method> <!-- getResult -->
        <test-method signature="Smoke02()[pri:0, instance:test.functional.sanity.ExtentReportsClass@3315d2d7]" started-at="2022-06-29T18:34:16 IST" name="Smoke02" finished-at="2022-06-29T18:34:26 IST" duration-ms="10137" status="PASS">
          <reporter-output>
          </reporter-output>
        </test-method> <!-- Smoke02 -->
        <test-method is-config="true" signature="getResult(org.testng.ITestResult)[pri:0, instance:test.functional.sanity.ExtentReportsClass@3315d2d7]" started-at="2022-06-29T18:34:26 IST" name="getResult" finished-at="2022-06-29T18:34:26 IST" duration-ms="157" status="PASS">
          <params>
            <param index="0">
              <value>
                <![CDATA[[TestResult name=Smoke02 status=SUCCESS method=ExtentReportsClass.Smoke02()[pri:0, instance:test.functional.sanity.ExtentReportsClass@3315d2d7] output={null}]]]>
              </value>
            </param>
          </params>
          <reporter-output>
          </reporter-output>
        </test-method> <!-- getResult -->
        <test-method signature="Smoke03()[pri:0, instance:test.functional.sanity.ExtentReportsClass@3315d2d7]" started-at="2022-06-29T18:34:26 IST" name="Smoke03" finished-at="2022-06-29T18:34:51 IST" duration-ms="24344" status="PASS">
          <reporter-output>
          </reporter-output>
        </test-method> <!-- Smoke03 -->
        <test-method is-config="true" signature="getResult(org.testng.ITestResult)[pri:0, instance:test.functional.sanity.ExtentReportsClass@3315d2d7]" started-at="2022-06-29T18:34:51 IST" name="getResult" finished-at="2022-06-29T18:34:51 IST" duration-ms="173" status="PASS">
          <params>
            <param index="0">
              <value>
                <![CDATA[[TestResult name=Smoke03 status=SUCCESS method=ExtentReportsClass.Smoke03()[pri:0, instance:test.functional.sanity.ExtentReportsClass@3315d2d7] output={null}]]]>
              </value>
            </param>
          </params>
          <reporter-output>
          </reporter-output>
        </test-method> <!-- getResult -->
        <test-method signature="Smoke04()[pri:0, instance:test.functional.sanity.ExtentReportsClass@3315d2d7]" started-at="2022-06-29T18:34:51 IST" name="Smoke04" finished-at="2022-06-29T18:34:56 IST" duration-ms="5150" status="PASS">
          <reporter-output>
          </reporter-output>
        </test-method> <!-- Smoke04 -->
        <test-method is-config="true" signature="getResult(org.testng.ITestResult)[pri:0, instance:test.functional.sanity.ExtentReportsClass@3315d2d7]" started-at="2022-06-29T18:34:56 IST" name="getResult" finished-at="2022-06-29T18:34:56 IST" duration-ms="159" status="PASS">
          <params>
            <param index="0">
              <value>
                <![CDATA[[TestResult name=Smoke04 status=SUCCESS method=ExtentReportsClass.Smoke04()[pri:0, instance:test.functional.sanity.ExtentReportsClass@3315d2d7] output={null}]]]>
              </value>
            </param>
          </params>
          <reporter-output>
          </reporter-output>
        </test-method> <!-- getResult -->
        <test-method is-config="true" signature="afterclass()[pri:0, instance:test.functional.sanity.ExtentReportsClass@3315d2d7]" started-at="2022-06-29T18:34:56 IST" name="afterclass" finished-at="2022-06-29T18:35:01 IST" duration-ms="5093" status="PASS">
          <reporter-output>
          </reporter-output>
        </test-method> <!-- afterclass -->
        <test-method is-config="true" signature="endReport()[pri:0, instance:test.functional.sanity.ExtentReportsClass@3315d2d7]" started-at="2022-06-29T18:35:01 IST" name="endReport" finished-at="2022-06-29T18:35:01 IST" duration-ms="159" status="PASS">
          <reporter-output>
          </reporter-output>
        </test-method> <!-- endReport -->
      </class> <!-- test.functional.sanity.ExtentReportsClass -->
    </test> <!-- Default test -->
  </suite> <!-- Default suite -->
</testng-results>
